Determining if the pthread_create exist failed with the following output:
Change Dir: /home/damian/Pulpit/staz/MockTV/build/CMakeFiles/CMakeTmp

Run Build Command:"/usr/bin/make" "cmTC_02b50/fast"
make[1]: Wejście do katalogu '/home/damian/Pulpit/staz/MockTV/build/CMakeFiles/CMakeTmp'
/usr/bin/make -f CMakeFiles/cmTC_02b50.dir/build.make CMakeFiles/cmTC_02b50.dir/build
make[2]: Wejście do katalogu '/home/damian/Pulpit/staz/MockTV/build/CMakeFiles/CMakeTmp'
Building C object CMakeFiles/cmTC_02b50.dir/CheckSymbolExists.c.o
/usr/bin/cc    -o CMakeFiles/cmTC_02b50.dir/CheckSymbolExists.c.o   -c /home/damian/Pulpit/staz/MockTV/build/CMakeFiles/CMakeTmp/CheckSymbolExists.c
Linking C executable cmTC_02b50
/usr/bin/cmake -E cmake_link_script CMakeFiles/cmTC_02b50.dir/link.txt --verbose=1
/usr/bin/cc      CMakeFiles/cmTC_02b50.dir/CheckSymbolExists.c.o  -o cmTC_02b50 
CMakeFiles/cmTC_02b50.dir/CheckSymbolExists.c.o: In function `main':
CheckSymbolExists.c:(.text+0x1b): undefined reference to `pthread_create'
collect2: error: ld returned 1 exit status
CMakeFiles/cmTC_02b50.dir/build.make:97: recipe for target 'cmTC_02b50' failed
make[2]: *** [cmTC_02b50] Error 1
make[2]: Opuszczenie katalogu '/home/damian/Pulpit/staz/MockTV/build/CMakeFiles/CMakeTmp'
Makefile:126: recipe for target 'cmTC_02b50/fast' failed
make[1]: *** [cmTC_02b50/fast] Error 2
make[1]: Opuszczenie katalogu '/home/damian/Pulpit/staz/MockTV/build/CMakeFiles/CMakeTmp'

File /home/damian/Pulpit/staz/MockTV/build/CMakeFiles/CMakeTmp/CheckSymbolExists.c:
/* */
#include <pthread.h>

int main(int argc, char** argv)
{
  (void)argv;
#ifndef pthread_create
  return ((int*)(&pthread_create))[argc];
#else
  (void)argc;
  return 0;
#endif
}

Determining if the function pthread_create exists in the pthreads failed with the following output:
Change Dir: /home/damian/Pulpit/staz/MockTV/build/CMakeFiles/CMakeTmp

Run Build Command:"/usr/bin/make" "cmTC_98af3/fast"
make[1]: Wejście do katalogu '/home/damian/Pulpit/staz/MockTV/build/CMakeFiles/CMakeTmp'
/usr/bin/make -f CMakeFiles/cmTC_98af3.dir/build.make CMakeFiles/cmTC_98af3.dir/build
make[2]: Wejście do katalogu '/home/damian/Pulpit/staz/MockTV/build/CMakeFiles/CMakeTmp'
Building C object CMakeFiles/cmTC_98af3.dir/CheckFunctionExists.c.o
/usr/bin/cc   -DCHECK_FUNCTION_EXISTS=pthread_create   -o CMakeFiles/cmTC_98af3.dir/CheckFunctionExists.c.o   -c /usr/share/cmake-3.10/Modules/CheckFunctionExists.c
Linking C executable cmTC_98af3
/usr/bin/cmake -E cmake_link_script CMakeFiles/cmTC_98af3.dir/link.txt --verbose=1
/usr/bin/cc  -DCHECK_FUNCTION_EXISTS=pthread_create    CMakeFiles/cmTC_98af3.dir/CheckFunctionExists.c.o  -o cmTC_98af3 -lpthreads 
/usr/bin/ld: cannot find -lpthreads
collect2: error: ld returned 1 exit status
CMakeFiles/cmTC_98af3.dir/build.make:97: recipe for target 'cmTC_98af3' failed
make[2]: *** [cmTC_98af3] Error 1
make[2]: Opuszczenie katalogu '/home/damian/Pulpit/staz/MockTV/build/CMakeFiles/CMakeTmp'
Makefile:126: recipe for target 'cmTC_98af3/fast' failed
make[1]: *** [cmTC_98af3/fast] Error 2
make[1]: Opuszczenie katalogu '/home/damian/Pulpit/staz/MockTV/build/CMakeFiles/CMakeTmp'


